<?xml version="1.0" encoding="UTF-8"?>
<!-- Generated by org.testng.reporters.JUnitXMLReporter -->
<testsuite ignored="2" hostname="LAPTOP-4C1CTOAL" failures="0" tests="3" name="chrome" time="37.24" errors="0" timestamp="2024-12-26T17:13:51 IST">
  <testcase classname="test_Cases.Profile_Name" name="getProfileName" time="0.049"/>
  <testcase classname="test_Cases.TestDirectory" name="testSearchEmployeWithValidName" time="4.754"/>
  <testcase classname="test_Cases.TestDirectory" name="testContactDetails" time="8.136"/>
  <testcase classname="test_Cases.TestDirectory" name="testQRCodeVisibility" time="0.0">
    <ignored/>
  </testcase> <!-- testQRCodeVisibility -->
  <testcase classname="test_Cases.TestDirectory" name="testContactIcons" time="0.0">
    <ignored/>
  </testcase> <!-- testContactIcons -->
</testsuite> <!-- chrome -->
