<?xml version="1.0" encoding="UTF-8"?>
<!-- Generated by org.testng.reporters.JUnitXMLReporter -->
<testsuite ignored="2" hostname="LAPTOP-4C1CTOAL" failures="0" tests="3" name="firefox" time="48.898" errors="0" timestamp="2024-12-26T17:14:40 IST">
  <testcase classname="test_Cases.Profile_Name" name="getProfileName" time="0.033"/>
  <testcase classname="test_Cases.TestDirectory" name="testSearchEmployeWithValidName" time="5.622"/>
  <testcase classname="test_Cases.TestDirectory" name="testContactDetails" time="5.718"/>
  <testcase classname="test_Cases.TestDirectory" name="testQRCodeVisibility" time="0.0">
    <ignored/>
  </testcase> <!-- testQRCodeVisibility -->
  <testcase classname="test_Cases.TestDirectory" name="testContactIcons" time="0.0">
    <ignored/>
  </testcase> <!-- testContactIcons -->
</testsuite> <!-- firefox -->
