<?xml version="1.0" encoding="UTF-8"?>
<!-- Generated by org.testng.reporters.JUnitXMLReporter -->
<testsuite ignored="0" hostname="LAPTOP-4C1CTOAL" failures="0" tests="4" name="smokeTeston firefox" time="104.927" errors="0" timestamp="2025-01-31T12:29:58 IST">
  <testcase classname="test_Cases.SearchPageTest" name="m" time="0.204"/>
  <testcase classname="test_Cases.SearchPageTest" name="admin" time="0.053"/>
  <testcase classname="test_Cases.SearchPageTest" name="ghj" time="0.026"/>
  <testcase classname="test_Cases.SearchPageTest" name="time" time="0.048"/>
</testsuite> <!-- smokeTeston firefox -->
